# JRE version: Java(TM) SE Runtime Environment (8.0_25-b18) (build 1.8.0_25-b18)
# Java VM: Java HotSpot(TM) 64-Bit Server VM (25.25-b02 mixed mode windows-amd64 compressed oops)
Heap:
 PSYoungGen      total 73728K, used 32820K [0x00000000eb600000, 0x00000000f3900000, 0x0000000100000000)
  eden space 63488K, 51% used [0x00000000eb600000,0x00000000ed60d020,0x00000000ef400000)
  from space 10240K, 0% used [0x00000000ef400000,0x00000000ef400000,0x00000000efe00000)
  to   space 12288K, 0% used [0x00000000f2d00000,0x00000000f2d00000,0x00000000f3900000)
 ParOldGen       total 52224K, used 17048K [0x00000000c2200000, 0x00000000c5500000, 0x00000000eb600000)
  object space 52224K, 32% used [0x00000000c2200000,0x00000000c32a6370,0x00000000c5500000)
 Metaspace       used 38924K, capacity 39942K, committed 40192K, reserved 1083392K
  class space    used 5045K, capacity 5268K, committed 5376K, reserved 1048576K
GC Heap History (10 events):
Event: 3.922 GC heap before
{Heap before GC invocations=5 (full 0):
 PSYoungGen      total 34304K, used 34289K [0x00000000eb600000, 0x00000000eda00000, 0x0000000100000000)
  eden space 31744K, 100% used [0x00000000eb600000,0x00000000ed500000,0x00000000ed500000)
  from space 2560K, 99% used [0x00000000ed780000,0x00000000ed9fc678,0x00000000eda00000)
  to   space 2560K, 0% used [0x00000000ed500000,0x00000000ed500000,0x00000000ed780000)
 ParOldGen       total 42496K, used 5665K [0x00000000c2200000, 0x00000000c4b80000, 0x00000000eb600000)
  object space 42496K, 13% used [0x00000000c2200000,0x00000000c2788748,0x00000000c4b80000)
 Metaspace       used 20204K, capacity 20438K, committed 20608K, reserved 1067008K
  class space    used 2259K, capacity 2331K, committed 2432K, reserved 1048576K
Event: 3.937 GC heap after
Heap after GC invocations=5 (full 0):
 PSYoungGen      total 34304K, used 2545K [0x00000000eb600000, 0x00000000f0900000, 0x0000000100000000)
  eden space 31744K, 0% used [0x00000000eb600000,0x00000000eb600000,0x00000000ed500000)
  from space 2560K, 99% used [0x00000000ed500000,0x00000000ed77c678,0x00000000ed780000)
  to   space 10752K, 0% used [0x00000000efe80000,0x00000000efe80000,0x00000000f0900000)
 ParOldGen       total 42496K, used 13127K [0x00000000c2200000, 0x00000000c4b80000, 0x00000000eb600000)
  object space 42496K, 30% used [0x00000000c2200000,0x00000000c2ed1e40,0x00000000c4b80000)
 Metaspace       used 20204K, capacity 20438K, committed 20608K, reserved 1067008K
  class space    used 2259K, capacity 2331K, committed 2432K, reserved 1048576K
}
Event: 4.054 GC heap before
{Heap before GC invocations=6 (full 0):
 PSYoungGen      total 34304K, used 8005K [0x00000000eb600000, 0x00000000f0900000, 0x0000000100000000)
  eden space 31744K, 17% used [0x00000000eb600000,0x00000000ebb54fa0,0x00000000ed500000)
  from space 2560K, 99% used [0x00000000ed500000,0x00000000ed77c678,0x00000000ed780000)
  to   space 10752K, 0% used [0x00000000efe80000,0x00000000efe80000,0x00000000f0900000)
 ParOldGen       total 42496K, used 13127K [0x00000000c2200000, 0x00000000c4b80000, 0x00000000eb600000)
  object space 42496K, 30% used [0x00000000c2200000,0x00000000c2ed1e40,0x00000000c4b80000)
 Metaspace       used 20973K, capacity 21180K, committed 21296K, reserved 1069056K
  class space    used 2377K, capacity 2428K, committed 2432K, reserved 1048576K
Event: 4.060 GC heap after
Heap after GC invocations=6 (full 0):
 PSYoungGen      total 73216K, used 3815K [0x00000000eb600000, 0x00000000f0800000, 0x0000000100000000)
  eden space 63488K, 0% used [0x00000000eb600000,0x00000000eb600000,0x00000000ef400000)
  from space 9728K, 39% used [0x00000000efe80000,0x00000000f0239c80,0x00000000f0800000)
  to   space 10240K, 0% used [0x00000000ef400000,0x00000000ef400000,0x00000000efe00000)
 ParOldGen       total 42496K, used 13127K [0x00000000c2200000, 0x00000000c4b80000, 0x00000000eb600000)
  object space 42496K, 30% used [0x00000000c2200000,0x00000000c2ed1e40,0x00000000c4b80000)
 Metaspace       used 20973K, capacity 21180K, committed 21296K, reserved 1069056K
  class space    used 2377K, capacity 2428K, committed 2432K, reserved 1048576K
}
Event: 4.060 GC heap before
{Heap before GC invocations=7 (full 1):
 PSYoungGen      total 73216K, used 3815K [0x00000000eb600000, 0x00000000f0800000, 0x0000000100000000)
  eden space 63488K, 0% used [0x00000000eb600000,0x00000000eb600000,0x00000000ef400000)
  from space 9728K, 39% used [0x00000000efe80000,0x00000000f0239c80,0x00000000f0800000)
  to   space 10240K, 0% used [0x00000000ef400000,0x00000000ef400000,0x00000000efe00000)
 ParOldGen       total 42496K, used 13127K [0x00000000c2200000, 0x00000000c4b80000, 0x00000000eb600000)
  object space 42496K, 30% used [0x00000000c2200000,0x00000000c2ed1e40,0x00000000c4b80000)
 Metaspace       used 20973K, capacity 21180K, committed 21296K, reserved 1069056K
  class space    used 2377K, capacity 2428K, committed 2432K, reserved 1048576K
Event: 4.117 GC heap after
Heap after GC invocations=7 (full 1):
 PSYoungGen      total 73216K, used 0K [0x00000000eb600000, 0x00000000f0800000, 0x0000000100000000)
  eden space 63488K, 0% used [0x00000000eb600000,0x00000000eb600000,0x00000000ef400000)
  from space 9728K, 0% used [0x00000000efe80000,0x00000000efe80000,0x00000000f0800000)
  to   space 10240K, 0% used [0x00000000ef400000,0x00000000ef400000,0x00000000efe00000)
 ParOldGen       total 38400K, used 11192K [0x00000000c2200000, 0x00000000c4780000, 0x00000000eb600000)
  object space 38400K, 29% used [0x00000000c2200000,0x00000000c2cee1b0,0x00000000c4780000)
 Metaspace       used 20972K, capacity 21178K, committed 21296K, reserved 1069056K
  class space    used 2377K, capacity 2427K, committed 2432K, reserved 1048576K
}
Event: 6.754 GC heap before
{Heap before GC invocations=8 (full 1):
 PSYoungGen      total 73216K, used 61165K [0x00000000eb600000, 0x00000000f0800000, 0x0000000100000000)
  eden space 63488K, 96% used [0x00000000eb600000,0x00000000ef1bb428,0x00000000ef400000)
  from space 9728K, 0% used [0x00000000efe80000,0x00000000efe80000,0x00000000f0800000)
  to   space 10240K, 0% used [0x00000000ef400000,0x00000000ef400000,0x00000000efe00000)
 ParOldGen       total 38400K, used 11192K [0x00000000c2200000, 0x00000000c4780000, 0x00000000eb600000)
  object space 38400K, 29% used [0x00000000c2200000,0x00000000c2cee1b0,0x00000000c4780000)
 Metaspace       used 34618K, capacity 35338K, committed 35456K, reserved 1079296K
  class space    used 4499K, capacity 4662K, committed 4736K, reserved 1048576K
Event: 6.778 GC heap after
Heap after GC invocations=8 (full 1):
 PSYoungGen      total 73728K, used 10224K [0x00000000eb600000, 0x00000000f3900000, 0x0000000100000000)
  eden space 63488K, 0% used [0x00000000eb600000,0x00000000eb600000,0x00000000ef400000)
  from space 10240K, 99% used [0x00000000ef400000,0x00000000efdfc1a8,0x00000000efe00000)
  to   space 12288K, 0% used [0x00000000f2d00000,0x00000000f2d00000,0x00000000f3900000)
 ParOldGen       total 38400K, used 11720K [0x00000000c2200000, 0x00000000c4780000, 0x00000000eb600000)
  object space 38400K, 30% used [0x00000000c2200000,0x00000000c2d723a8,0x00000000c4780000)
 Metaspace       used 34618K, capacity 35338K, committed 35456K, reserved 1079296K
  class space    used 4499K, capacity 4662K, committed 4736K, reserved 1048576K
}
Event: 6.778 GC heap before
{Heap before GC invocations=9 (full 2):
 PSYoungGen      total 73728K, used 10224K [0x00000000eb600000, 0x00000000f3900000, 0x0000000100000000)
  eden space 63488K, 0% used [0x00000000eb600000,0x00000000eb600000,0x00000000ef400000)
  from space 10240K, 99% used [0x00000000ef400000,0x00000000efdfc1a8,0x00000000efe00000)
  to   space 12288K, 0% used [0x00000000f2d00000,0x00000000f2d00000,0x00000000f3900000)
 ParOldGen       total 38400K, used 11720K [0x00000000c2200000, 0x00000000c4780000, 0x00000000eb600000)
  object space 38400K, 30% used [0x00000000c2200000,0x00000000c2d723a8,0x00000000c4780000)
 Metaspace       used 34618K, capacity 35338K, committed 35456K, reserved 1079296K
  class space    used 4499K, capacity 4662K, committed 4736K, reserved 1048576K
Event: 6.868 GC heap after
Heap after GC invocations=9 (full 2):
 PSYoungGen      total 73728K, used 0K [0x00000000eb600000, 0x00000000f3900000, 0x0000000100000000)
  eden space 63488K, 0% used [0x00000000eb600000,0x00000000eb600000,0x00000000ef400000)
  from space 10240K, 0% used [0x00000000ef400000,0x00000000ef400000,0x00000000efe00000)
  to   space 12288K, 0% used [0x00000000f2d00000,0x00000000f2d00000,0x00000000f3900000)
 ParOldGen       total 52224K, used 17048K [0x00000000c2200000, 0x00000000c5500000, 0x00000000eb600000)
  object space 52224K, 32% used [0x00000000c2200000,0x00000000c32a6370,0x00000000c5500000)
 Metaspace       used 34618K, capacity 35338K, committed 35456K, reserved 1079296K
  class space    used 4499K, capacity 4662K, committed 4736K, reserved 1048576K
}

