# JRE version: Java(TM) SE Runtime Environment (8.0_25-b18) (build 1.8.0_25-b18)
# Java VM: Java HotSpot(TM) 64-Bit Server VM (25.25-b02 mixed mode windows-amd64 compressed oops)
Heap:
 PSYoungGen      total 73728K, used 26966K [0x00000000eb600000, 0x00000000f3880000, 0x0000000100000000)
  eden space 63488K, 42% used [0x00000000eb600000,0x00000000ed055890,0x00000000ef400000)
  from space 10240K, 0% used [0x00000000ef400000,0x00000000ef400000,0x00000000efe00000)
  to   space 12288K, 0% used [0x00000000f2c80000,0x00000000f2c80000,0x00000000f3880000)
 ParOldGen       total 50688K, used 16505K [0x00000000c2200000, 0x00000000c5380000, 0x00000000eb600000)
  object space 50688K, 32% used [0x00000000c2200000,0x00000000c321e798,0x00000000c5380000)
 Metaspace       used 38834K, capacity 39882K, committed 40192K, reserved 1083392K
  class space    used 5037K, capacity 5268K, committed 5376K, reserved 1048576K
GC Heap History (10 events):
Event: 3.009 GC heap before
{Heap before GC invocations=5 (full 0):
 PSYoungGen      total 34304K, used 34289K [0x00000000eb600000, 0x00000000eda00000, 0x0000000100000000)
  eden space 31744K, 100% used [0x00000000eb600000,0x00000000ed500000,0x00000000ed500000)
  from space 2560K, 99% used [0x00000000ed780000,0x00000000ed9fc678,0x00000000eda00000)
  to   space 2560K, 0% used [0x00000000ed500000,0x00000000ed500000,0x00000000ed780000)
 ParOldGen       total 42496K, used 5624K [0x00000000c2200000, 0x00000000c4b80000, 0x00000000eb600000)
  object space 42496K, 13% used [0x00000000c2200000,0x00000000c277e2f0,0x00000000c4b80000)
 Metaspace       used 20227K, capacity 20442K, committed 20608K, reserved 1067008K
  class space    used 2260K, capacity 2331K, committed 2432K, reserved 1048576K
Event: 3.025 GC heap after
Heap after GC invocations=5 (full 0):
 PSYoungGen      total 34304K, used 2529K [0x00000000eb600000, 0x00000000f0900000, 0x0000000100000000)
  eden space 31744K, 0% used [0x00000000eb600000,0x00000000eb600000,0x00000000ed500000)
  from space 2560K, 98% used [0x00000000ed500000,0x00000000ed778668,0x00000000ed780000)
  to   space 10752K, 0% used [0x00000000efe80000,0x00000000efe80000,0x00000000f0900000)
 ParOldGen       total 42496K, used 13157K [0x00000000c2200000, 0x00000000c4b80000, 0x00000000eb600000)
  object space 42496K, 30% used [0x00000000c2200000,0x00000000c2ed9780,0x00000000c4b80000)
 Metaspace       used 20227K, capacity 20442K, committed 20608K, reserved 1067008K
  class space    used 2260K, capacity 2331K, committed 2432K, reserved 1048576K
}
Event: 3.171 GC heap before
{Heap before GC invocations=6 (full 0):
 PSYoungGen      total 34304K, used 7978K [0x00000000eb600000, 0x00000000f0900000, 0x0000000100000000)
  eden space 31744K, 17% used [0x00000000eb600000,0x00000000ebb521f8,0x00000000ed500000)
  from space 2560K, 98% used [0x00000000ed500000,0x00000000ed778668,0x00000000ed780000)
  to   space 10752K, 0% used [0x00000000efe80000,0x00000000efe80000,0x00000000f0900000)
 ParOldGen       total 42496K, used 13157K [0x00000000c2200000, 0x00000000c4b80000, 0x00000000eb600000)
  object space 42496K, 30% used [0x00000000c2200000,0x00000000c2ed9780,0x00000000c4b80000)
 Metaspace       used 20987K, capacity 21184K, committed 21296K, reserved 1069056K
  class space    used 2376K, capacity 2428K, committed 2432K, reserved 1048576K
Event: 3.180 GC heap after
Heap after GC invocations=6 (full 0):
 PSYoungGen      total 73216K, used 3726K [0x00000000eb600000, 0x00000000f0800000, 0x0000000100000000)
  eden space 63488K, 0% used [0x00000000eb600000,0x00000000eb600000,0x00000000ef400000)
  from space 9728K, 38% used [0x00000000efe80000,0x00000000f0223ac0,0x00000000f0800000)
  to   space 10240K, 0% used [0x00000000ef400000,0x00000000ef400000,0x00000000efe00000)
 ParOldGen       total 42496K, used 13165K [0x00000000c2200000, 0x00000000c4b80000, 0x00000000eb600000)
  object space 42496K, 30% used [0x00000000c2200000,0x00000000c2edb780,0x00000000c4b80000)
 Metaspace       used 20987K, capacity 21184K, committed 21296K, reserved 1069056K
  class space    used 2376K, capacity 2428K, committed 2432K, reserved 1048576K
}
Event: 3.180 GC heap before
{Heap before GC invocations=7 (full 1):
 PSYoungGen      total 73216K, used 3726K [0x00000000eb600000, 0x00000000f0800000, 0x0000000100000000)
  eden space 63488K, 0% used [0x00000000eb600000,0x00000000eb600000,0x00000000ef400000)
  from space 9728K, 38% used [0x00000000efe80000,0x00000000f0223ac0,0x00000000f0800000)
  to   space 10240K, 0% used [0x00000000ef400000,0x00000000ef400000,0x00000000efe00000)
 ParOldGen       total 42496K, used 13165K [0x00000000c2200000, 0x00000000c4b80000, 0x00000000eb600000)
  object space 42496K, 30% used [0x00000000c2200000,0x00000000c2edb780,0x00000000c4b80000)
 Metaspace       used 20987K, capacity 21184K, committed 21296K, reserved 1069056K
  class space    used 2376K, capacity 2428K, committed 2432K, reserved 1048576K
Event: 3.236 GC heap after
Heap after GC invocations=7 (full 1):
 PSYoungGen      total 73216K, used 0K [0x00000000eb600000, 0x00000000f0800000, 0x0000000100000000)
  eden space 63488K, 0% used [0x00000000eb600000,0x00000000eb600000,0x00000000ef400000)
  from space 9728K, 0% used [0x00000000efe80000,0x00000000efe80000,0x00000000f0800000)
  to   space 10240K, 0% used [0x00000000ef400000,0x00000000ef400000,0x00000000efe00000)
 ParOldGen       total 38912K, used 11187K [0x00000000c2200000, 0x00000000c4800000, 0x00000000eb600000)
  object space 38912K, 28% used [0x00000000c2200000,0x00000000c2cecd00,0x00000000c4800000)
 Metaspace       used 20985K, capacity 21182K, committed 21296K, reserved 1069056K
  class space    used 2376K, capacity 2427K, committed 2432K, reserved 1048576K
}
Event: 9.243 GC heap before
{Heap before GC invocations=8 (full 1):
 PSYoungGen      total 73216K, used 61723K [0x00000000eb600000, 0x00000000f0800000, 0x0000000100000000)
  eden space 63488K, 97% used [0x00000000eb600000,0x00000000ef246e80,0x00000000ef400000)
  from space 9728K, 0% used [0x00000000efe80000,0x00000000efe80000,0x00000000f0800000)
  to   space 10240K, 0% used [0x00000000ef400000,0x00000000ef400000,0x00000000efe00000)
 ParOldGen       total 38912K, used 11187K [0x00000000c2200000, 0x00000000c4800000, 0x00000000eb600000)
  object space 38912K, 28% used [0x00000000c2200000,0x00000000c2cecd00,0x00000000c4800000)
 Metaspace       used 34657K, capacity 35342K, committed 35456K, reserved 1079296K
  class space    used 4505K, capacity 4662K, committed 4736K, reserved 1048576K
Event: 9.279 GC heap after
Heap after GC invocations=8 (full 1):
 PSYoungGen      total 73728K, used 10180K [0x00000000eb600000, 0x00000000f3880000, 0x0000000100000000)
  eden space 63488K, 0% used [0x00000000eb600000,0x00000000eb600000,0x00000000ef400000)
  from space 10240K, 99% used [0x00000000ef400000,0x00000000efdf1228,0x00000000efe00000)
  to   space 12288K, 0% used [0x00000000f2c80000,0x00000000f2c80000,0x00000000f3880000)
 ParOldGen       total 38912K, used 11195K [0x00000000c2200000, 0x00000000c4800000, 0x00000000eb600000)
  object space 38912K, 28% used [0x00000000c2200000,0x00000000c2ceed00,0x00000000c4800000)
 Metaspace       used 34657K, capacity 35342K, committed 35456K, reserved 1079296K
  class space    used 4505K, capacity 4662K, committed 4736K, reserved 1048576K
}
Event: 9.279 GC heap before
{Heap before GC invocations=9 (full 2):
 PSYoungGen      total 73728K, used 10180K [0x00000000eb600000, 0x00000000f3880000, 0x0000000100000000)
  eden space 63488K, 0% used [0x00000000eb600000,0x00000000eb600000,0x00000000ef400000)
  from space 10240K, 99% used [0x00000000ef400000,0x00000000efdf1228,0x00000000efe00000)
  to   space 12288K, 0% used [0x00000000f2c80000,0x00000000f2c80000,0x00000000f3880000)
 ParOldGen       total 38912K, used 11195K [0x00000000c2200000, 0x00000000c4800000, 0x00000000eb600000)
  object space 38912K, 28% used [0x00000000c2200000,0x00000000c2ceed00,0x00000000c4800000)
 Metaspace       used 34657K, capacity 35342K, committed 35456K, reserved 1079296K
  class space    used 4505K, capacity 4662K, committed 4736K, reserved 1048576K
Event: 9.414 GC heap after
Heap after GC invocations=9 (full 2):
 PSYoungGen      total 73728K, used 0K [0x00000000eb600000, 0x00000000f3880000, 0x0000000100000000)
  eden space 63488K, 0% used [0x00000000eb600000,0x00000000eb600000,0x00000000ef400000)
  from space 10240K, 0% used [0x00000000ef400000,0x00000000ef400000,0x00000000efe00000)
  to   space 12288K, 0% used [0x00000000f2c80000,0x00000000f2c80000,0x00000000f3880000)
 ParOldGen       total 50688K, used 16505K [0x00000000c2200000, 0x00000000c5380000, 0x00000000eb600000)
  object space 50688K, 32% used [0x00000000c2200000,0x00000000c321e798,0x00000000c5380000)
 Metaspace       used 34657K, capacity 35342K, committed 35456K, reserved 1079296K
  class space    used 4505K, capacity 4662K, committed 4736K, reserved 1048576K
}

